<?xml version="1.0" encoding="UTF-8"?>
<!-- Generated by org.testng.reporters.JUnitXMLReporter -->
<testsuite ignored="0" hostname="DESKTOP-UOVJQ5N" failures="0" tests="1" name="BrowserTesting" time="2.879" errors="0" timestamp="2023-05-10T17:18:26 IST">
  <testcase classname="test.ng.cross.browser.compatibility.testing.Example1" name="@BeforeMethod initiateBrowser" time="2.813">
    <failure type="java.lang.NullPointerException" message="Cannot invoke &amp;quot;org.openqa.selenium.WebDriver.manage()&amp;quot; because &amp;quot;this.driver&amp;quot; is null">
      <![CDATA[java.lang.NullPointerException: Cannot invoke "org.openqa.selenium.WebDriver.manage()" because "this.driver" is null
at test.ng.cross.browser.compatibility.testing.Example1.initiateBrowser(Example1.java:44)
at java.base/java.util.ArrayList.forEach(ArrayList.java:1511)
... Removed 31 stack frames]]>
    </failure>
  </testcase> <!-- @BeforeMethod initiateBrowser -->
  <testcase classname="test.ng.cross.browser.compatibility.testing.Example1" name="@AfterMethod closeBrowser" time="0.0">
    <skipped/>
  </testcase> <!-- @AfterMethod closeBrowser -->
  <testcase classname="test.ng.cross.browser.compatibility.testing.Example1" name="Login" time="0.001">
    <skipped/>
  </testcase> <!-- Login -->
</testsuite> <!-- BrowserTesting -->
