<?xml version="1.0" encoding="UTF-8"?>
<!-- Generated by org.testng.reporters.JUnitXMLReporter -->
<testsuite ignored="0" hostname="DESKTOP-UOVJQ5N" failures="0" tests="6" name="Suite1" time="0.07" errors="0" timestamp="2023-05-10T14:55:20 IST">
  <testcase classname="test.ng.suite.Example1" name="TC1" time="0.008"/>
  <testcase classname="test.ng.suite.Example1" name="TC2" time="0.001"/>
  <testcase classname="test.ng.suite.Example1" name="TC3" time="0.001"/>
  <testcase classname="test.ng.suite.Example2" name="TC4" time="0.002"/>
  <testcase classname="test.ng.suite.Example2" name="TC5" time="0.001"/>
  <testcase classname="test.ng.suite.Example2" name="TC6" time="0.001"/>
</testsuite> <!-- Suite1 -->
